<?xml version="1.0" encoding="UTF-8"?>
<coverage generated="1554191198998" clover="3.2.0">
  <project timestamp="1554191198998" name="All files">
    <metrics statements="80" coveredstatements="80" conditionals="59" coveredconditionals="59" methods="14" coveredmethods="14" elements="153" coveredelements="153" complexity="0" loc="80" ncloc="80" packages="1" files="2" classes="2"/>
    <file name="interval.js" path="/Users/antoinechapusot/Dev/Ensiie-Testing/tp-jest/src/interval.js">
      <metrics statements="30" coveredstatements="30" conditionals="25" coveredconditionals="25" methods="9" coveredmethods="9"/>
      <line num="3" count="48" type="stmt"/>
      <line num="4" count="48" type="stmt"/>
      <line num="8" count="32" type="stmt"/>
      <line num="26" count="27" type="cond" truecount="2" falsecount="0"/>
      <line num="46" count="17" type="cond" truecount="2" falsecount="0"/>
      <line num="66" count="9" type="stmt"/>
      <line num="68" count="9" type="cond" truecount="2" falsecount="0"/>
      <line num="73" count="7" type="cond" truecount="2" falsecount="0"/>
      <line num="74" count="7" type="cond" truecount="2" falsecount="0"/>
      <line num="75" count="7" type="stmt"/>
      <line num="77" count="2" type="stmt"/>
      <line num="78" count="2" type="stmt"/>
      <line num="79" count="2" type="stmt"/>
      <line num="81" count="9" type="stmt"/>
      <line num="101" count="9" type="cond" truecount="2" falsecount="0"/>
      <line num="102" count="5" type="cond" truecount="2" falsecount="0"/>
      <line num="103" count="3" type="cond" truecount="2" falsecount="0"/>
      <line num="105" count="2" type="cond" truecount="2" falsecount="0"/>
      <line num="106" count="2" type="cond" truecount="2" falsecount="0"/>
      <line num="107" count="2" type="stmt"/>
      <line num="110" count="4" type="stmt"/>
      <line num="130" count="9" type="stmt"/>
      <line num="131" count="9" type="cond" truecount="2" falsecount="0"/>
      <line num="133" count="8" type="stmt"/>
      <line num="134" count="8" type="stmt"/>
      <line num="135" count="42" type="stmt"/>
      <line num="137" count="8" type="stmt"/>
      <line num="138" count="8" type="stmt"/>
      <line num="140" count="8" type="stmt"/>
      <line num="144" count="1" type="stmt"/>
    </file>
    <file name="math.js" path="/Users/antoinechapusot/Dev/Ensiie-Testing/tp-jest/src/math.js">
      <metrics statements="50" coveredstatements="50" conditionals="34" coveredconditionals="34" methods="5" coveredmethods="5"/>
      <line num="1" count="1" type="stmt"/>
      <line num="2" count="1" type="stmt"/>
      <line num="3" count="24" type="cond" truecount="2" falsecount="0"/>
      <line num="4" count="1" type="stmt"/>
      <line num="7" count="23" type="cond" truecount="4" falsecount="0"/>
      <line num="8" count="1" type="stmt"/>
      <line num="11" count="22" type="cond" truecount="2" falsecount="0"/>
      <line num="12" count="1" type="stmt"/>
      <line num="15" count="21" type="cond" truecount="2" falsecount="0"/>
      <line num="16" count="6" type="stmt"/>
      <line num="19" count="15" type="stmt"/>
      <line num="30" count="1" type="stmt"/>
      <line num="31" count="4" type="cond" truecount="6" falsecount="0"/>
      <line num="32" count="2" type="stmt"/>
      <line num="33" count="2" type="cond" truecount="2" falsecount="0"/>
      <line num="34" count="1" type="stmt"/>
      <line num="46" count="1" type="stmt"/>
      <line num="47" count="3" type="cond" truecount="2" falsecount="0"/>
      <line num="48" count="1" type="stmt"/>
      <line num="50" count="2" type="stmt"/>
      <line num="53" count="2" type="stmt"/>
      <line num="54" count="2" type="stmt"/>
      <line num="55" count="2" type="stmt"/>
      <line num="56" count="12" type="cond" truecount="2" falsecount="0"/>
      <line num="58" count="7" type="stmt"/>
      <line num="59" count="7" type="stmt"/>
      <line num="60" count="7" type="stmt"/>
      <line num="64" count="2" type="stmt"/>
      <line num="65" count="7" type="stmt"/>
      <line num="67" count="2" type="stmt"/>
      <line num="82" count="1" type="stmt"/>
      <line num="83" count="3" type="stmt"/>
      <line num="84" count="3" type="cond" truecount="2" falsecount="0"/>
      <line num="85" count="1" type="stmt"/>
      <line num="86" count="1" type="stmt"/>
      <line num="87" count="15" type="cond" truecount="4" falsecount="0"/>
      <line num="88" count="14" type="cond" truecount="2" falsecount="0"/>
      <line num="89" count="12" type="cond" truecount="2" falsecount="0"/>
      <line num="90" count="8" type="stmt"/>
      <line num="91" count="15" type="stmt"/>
      <line num="93" count="1" type="stmt"/>
      <line num="105" count="1" type="stmt"/>
      <line num="106" count="2" type="stmt"/>
      <line num="107" count="2" type="stmt"/>
      <line num="108" count="2" type="stmt"/>
      <line num="109" count="14" type="cond" truecount="2" falsecount="0"/>
      <line num="111" count="13" type="stmt"/>
      <line num="112" count="13" type="stmt"/>
      <line num="115" count="2" type="stmt"/>
      <line num="118" count="1" type="stmt"/>
    </file>
  </project>
</coverage>
