{"/Users/antoinechapusot/Dev/Ensiie-Testing/tp-jest/src/interval.js": {"path":"/Users/antoinechapusot/Dev/Ensiie-Testing/tp-jest/src/interval.js","statementMap":{"0":{"start":{"line":3,"column":4},"end":{"line":3,"column":23}},"1":{"start":{"line":4,"column":4},"end":{"line":4,"column":19}},"2":{"start":{"line":8,"column":4},"end":{"line":8,"column":51}},"3":{"start":{"line":26,"column":4},"end":{"line":26,"column":66}},"4":{"start":{"line":46,"column":4},"end":{"line":46,"column":68}},"5":{"start":{"line":66,"column":14},"end":{"line":66,"column":16}},"6":{"start":{"line":68,"column":4},"end":{"line":80,"column":5}},"7":{"start":{"line":73,"column":6},"end":{"line":73,"column":72}},"8":{"start":{"line":74,"column":6},"end":{"line":74,"column":62}},"9":{"start":{"line":75,"column":6},"end":{"line":75,"column":41}},"10":{"start":{"line":77,"column":6},"end":{"line":77,"column":21}},"11":{"start":{"line":78,"column":6},"end":{"line":78,"column":25}},"12":{"start":{"line":79,"column":6},"end":{"line":79,"column":44}},"13":{"start":{"line":79,"column":25},"end":{"line":79,"column":42}},"14":{"start":{"line":81,"column":4},"end":{"line":81,"column":15}},"15":{"start":{"line":101,"column":4},"end":{"line":109,"column":5}},"16":{"start":{"line":102,"column":6},"end":{"line":108,"column":7}},"17":{"start":{"line":102,"column":35},"end":{"line":102,"column":51}},"18":{"start":{"line":103,"column":11},"end":{"line":108,"column":7}},"19":{"start":{"line":103,"column":40},"end":{"line":103,"column":52}},"20":{"start":{"line":105,"column":20},"end":{"line":105,"column":77}},"21":{"start":{"line":106,"column":18},"end":{"line":106,"column":67}},"22":{"start":{"line":107,"column":8},"end":{"line":107,"column":40}},"23":{"start":{"line":110,"column":4},"end":{"line":110,"column":16}},"24":{"start":{"line":130,"column":14},"end":{"line":130,"column":16}},"25":{"start":{"line":131,"column":4},"end":{"line":139,"column":5}},"26":{"start":{"line":131,"column":27},"end":{"line":131,"column":37}},"27":{"start":{"line":133,"column":16},"end":{"line":133,"column":68}},"28":{"start":{"line":134,"column":6},"end":{"line":136,"column":9}},"29":{"start":{"line":135,"column":8},"end":{"line":135,"column":21}},"30":{"start":{"line":137,"column":6},"end":{"line":137,"column":45}},"31":{"start":{"line":138,"column":6},"end":{"line":138,"column":45}},"32":{"start":{"line":140,"column":4},"end":{"line":140,"column":15}},"33":{"start":{"line":144,"column":0},"end":{"line":144,"column":26}}},"fnMap":{"0":{"name":"(anonymous_0)","decl":{"start":{"line":2,"column":2},"end":{"line":2,"column":3}},"loc":{"start":{"line":2,"column":26},"end":{"line":5,"column":3}},"line":2},"1":{"name":"(anonymous_1)","decl":{"start":{"line":7,"column":2},"end":{"line":7,"column":3}},"loc":{"start":{"line":7,"column":13},"end":{"line":9,"column":3}},"line":7},"2":{"name":"(anonymous_2)","decl":{"start":{"line":25,"column":2},"end":{"line":25,"column":3}},"loc":{"start":{"line":25,"column":21},"end":{"line":27,"column":3}},"line":25},"3":{"name":"(anonymous_3)","decl":{"start":{"line":45,"column":2},"end":{"line":45,"column":3}},"loc":{"start":{"line":45,"column":21},"end":{"line":47,"column":3}},"line":45},"4":{"name":"(anonymous_4)","decl":{"start":{"line":65,"column":2},"end":{"line":65,"column":3}},"loc":{"start":{"line":65,"column":18},"end":{"line":82,"column":3}},"line":65},"5":{"name":"(anonymous_5)","decl":{"start":{"line":79,"column":15},"end":{"line":79,"column":16}},"loc":{"start":{"line":79,"column":25},"end":{"line":79,"column":42}},"line":79},"6":{"name":"(anonymous_6)","decl":{"start":{"line":100,"column":2},"end":{"line":100,"column":3}},"loc":{"start":{"line":100,"column":25},"end":{"line":111,"column":3}},"line":100},"7":{"name":"(anonymous_7)","decl":{"start":{"line":129,"column":2},"end":{"line":129,"column":3}},"loc":{"start":{"line":129,"column":22},"end":{"line":141,"column":3}},"line":129},"8":{"name":"(anonymous_8)","decl":{"start":{"line":134,"column":15},"end":{"line":134,"column":16}},"loc":{"start":{"line":134,"column":30},"end":{"line":136,"column":7}},"line":134}},"branchMap":{"0":{"loc":{"start":{"line":26,"column":11},"end":{"line":26,"column":65}},"type":"binary-expr","locations":[{"start":{"line":26,"column":11},"end":{"line":26,"column":36}},{"start":{"line":26,"column":40},"end":{"line":26,"column":65}}],"line":26},"1":{"loc":{"start":{"line":46,"column":11},"end":{"line":46,"column":67}},"type":"binary-expr","locations":[{"start":{"line":46,"column":11},"end":{"line":46,"column":35}},{"start":{"line":46,"column":39},"end":{"line":46,"column":67}}],"line":46},"2":{"loc":{"start":{"line":68,"column":4},"end":{"line":80,"column":5}},"type":"if","locations":[{"start":{"line":68,"column":4},"end":{"line":80,"column":5}},{"start":{"line":68,"column":4},"end":{"line":80,"column":5}}],"line":68},"3":{"loc":{"start":{"line":69,"column":6},"end":{"line":71,"column":32}},"type":"binary-expr","locations":[{"start":{"line":69,"column":6},"end":{"line":69,"column":29}},{"start":{"line":70,"column":6},"end":{"line":70,"column":32}},{"start":{"line":71,"column":6},"end":{"line":71,"column":32}}],"line":69},"4":{"loc":{"start":{"line":73,"column":14},"end":{"line":73,"column":71}},"type":"cond-expr","locations":[{"start":{"line":73,"column":44},"end":{"line":73,"column":58}},{"start":{"line":73,"column":61},"end":{"line":73,"column":71}}],"line":73},"5":{"loc":{"start":{"line":74,"column":12},"end":{"line":74,"column":61}},"type":"cond-expr","locations":[{"start":{"line":74,"column":38},"end":{"line":74,"column":50}},{"start":{"line":74,"column":53},"end":{"line":74,"column":61}}],"line":74},"6":{"loc":{"start":{"line":101,"column":4},"end":{"line":109,"column":5}},"type":"if","locations":[{"start":{"line":101,"column":4},"end":{"line":109,"column":5}},{"start":{"line":101,"column":4},"end":{"line":109,"column":5}}],"line":101},"7":{"loc":{"start":{"line":102,"column":6},"end":{"line":108,"column":7}},"type":"if","locations":[{"start":{"line":102,"column":6},"end":{"line":108,"column":7}},{"start":{"line":102,"column":6},"end":{"line":108,"column":7}}],"line":102},"8":{"loc":{"start":{"line":103,"column":11},"end":{"line":108,"column":7}},"type":"if","locations":[{"start":{"line":103,"column":11},"end":{"line":108,"column":7}},{"start":{"line":103,"column":11},"end":{"line":108,"column":7}}],"line":103},"9":{"loc":{"start":{"line":105,"column":20},"end":{"line":105,"column":77}},"type":"cond-expr","locations":[{"start":{"line":105,"column":50},"end":{"line":105,"column":60}},{"start":{"line":105,"column":63},"end":{"line":105,"column":77}}],"line":105},"10":{"loc":{"start":{"line":106,"column":18},"end":{"line":106,"column":67}},"type":"cond-expr","locations":[{"start":{"line":106,"column":44},"end":{"line":106,"column":52}},{"start":{"line":106,"column":55},"end":{"line":106,"column":67}}],"line":106},"11":{"loc":{"start":{"line":131,"column":4},"end":{"line":139,"column":5}},"type":"if","locations":[{"start":{"line":131,"column":4},"end":{"line":139,"column":5}},{"start":{"line":131,"column":4},"end":{"line":139,"column":5}}],"line":131}},"s":{"0":48,"1":48,"2":32,"3":27,"4":17,"5":9,"6":9,"7":7,"8":7,"9":7,"10":2,"11":2,"12":2,"13":2,"14":9,"15":9,"16":5,"17":2,"18":3,"19":1,"20":2,"21":2,"22":2,"23":4,"24":9,"25":9,"26":1,"27":8,"28":8,"29":42,"30":8,"31":8,"32":8,"33":1},"f":{"0":48,"1":32,"2":27,"3":17,"4":9,"5":2,"6":9,"7":9,"8":42},"b":{"0":[27,21],"1":[17,10],"2":[7,2],"3":[9,4,3],"4":[3,4],"5":[3,4],"6":[5,4],"7":[2,3],"8":[1,2],"9":[1,1],"10":[1,1],"11":[1,8]},"_coverageSchema":"43e27e138ebf9cfc5966b082cf9a028302ed4184","hash":"3902863639932feb5fcf17e3799658d35c4541ad"}
,"/Users/antoinechapusot/Dev/Ensiie-Testing/tp-jest/src/math.js": {"path":"/Users/antoinechapusot/Dev/Ensiie-Testing/tp-jest/src/math.js","statementMap":{"0":{"start":{"line":1,"column":11},"end":{"line":1,"column":13}},"1":{"start":{"line":2,"column":0},"end":{"line":20,"column":2}},"2":{"start":{"line":3,"column":2},"end":{"line":5,"column":3}},"3":{"start":{"line":4,"column":4},"end":{"line":4,"column":50}},"4":{"start":{"line":7,"column":2},"end":{"line":9,"column":3}},"5":{"start":{"line":8,"column":4},"end":{"line":8,"column":62}},"6":{"start":{"line":11,"column":2},"end":{"line":13,"column":3}},"7":{"start":{"line":12,"column":4},"end":{"line":12,"column":52}},"8":{"start":{"line":15,"column":2},"end":{"line":17,"column":3}},"9":{"start":{"line":16,"column":4},"end":{"line":16,"column":13}},"10":{"start":{"line":19,"column":2},"end":{"line":19,"column":35}},"11":{"start":{"line":30,"column":0},"end":{"line":35,"column":2}},"12":{"start":{"line":31,"column":2},"end":{"line":31,"column":63}},"13":{"start":{"line":31,"column":50},"end":{"line":31,"column":63}},"14":{"start":{"line":32,"column":10},"end":{"line":32,"column":22}},"15":{"start":{"line":33,"column":2},"end":{"line":33,"column":60}},"16":{"start":{"line":33,"column":15},"end":{"line":33,"column":16}},"17":{"start":{"line":33,"column":31},"end":{"line":33,"column":60}},"18":{"start":{"line":33,"column":47},"end":{"line":33,"column":60}},"19":{"start":{"line":34,"column":2},"end":{"line":34,"column":14}},"20":{"start":{"line":46,"column":0},"end":{"line":68,"column":2}},"21":{"start":{"line":47,"column":2},"end":{"line":49,"column":3}},"22":{"start":{"line":48,"column":4},"end":{"line":48,"column":61}},"23":{"start":{"line":50,"column":14},"end":{"line":50,"column":16}},"24":{"start":{"line":53,"column":13},"end":{"line":53,"column":15}},"25":{"start":{"line":54,"column":10},"end":{"line":54,"column":11}},"26":{"start":{"line":55,"column":2},"end":{"line":63,"column":3}},"27":{"start":{"line":56,"column":4},"end":{"line":62,"column":5}},"28":{"start":{"line":58,"column":6},"end":{"line":58,"column":21}},"29":{"start":{"line":59,"column":6},"end":{"line":61,"column":7}},"30":{"start":{"line":60,"column":8},"end":{"line":60,"column":24}},"31":{"start":{"line":64,"column":2},"end":{"line":66,"column":3}},"32":{"start":{"line":65,"column":4},"end":{"line":65,"column":13}},"33":{"start":{"line":67,"column":2},"end":{"line":67,"column":13}},"34":{"start":{"line":82,"column":0},"end":{"line":94,"column":2}},"35":{"start":{"line":83,"column":12},"end":{"line":83,"column":14}},"36":{"start":{"line":84,"column":2},"end":{"line":84,"column":24}},"37":{"start":{"line":84,"column":13},"end":{"line":84,"column":24}},"38":{"start":{"line":85,"column":10},"end":{"line":85,"column":11}},"39":{"start":{"line":86,"column":2},"end":{"line":92,"column":3}},"40":{"start":{"line":87,"column":4},"end":{"line":90,"column":21}},"41":{"start":{"line":87,"column":34},"end":{"line":87,"column":55}},"42":{"start":{"line":88,"column":9},"end":{"line":90,"column":21}},"43":{"start":{"line":88,"column":25},"end":{"line":88,"column":42}},"44":{"start":{"line":89,"column":9},"end":{"line":90,"column":21}},"45":{"start":{"line":89,"column":25},"end":{"line":89,"column":42}},"46":{"start":{"line":90,"column":9},"end":{"line":90,"column":21}},"47":{"start":{"line":91,"column":4},"end":{"line":91,"column":8}},"48":{"start":{"line":93,"column":2},"end":{"line":93,"column":13}},"49":{"start":{"line":105,"column":0},"end":{"line":116,"column":2}},"50":{"start":{"line":106,"column":15},"end":{"line":106,"column":17}},"51":{"start":{"line":107,"column":17},"end":{"line":107,"column":18}},"52":{"start":{"line":108,"column":2},"end":{"line":114,"column":3}},"53":{"start":{"line":108,"column":15},"end":{"line":108,"column":16}},"54":{"start":{"line":109,"column":4},"end":{"line":113,"column":5}},"55":{"start":{"line":109,"column":26},"end":{"line":109,"column":40}},"56":{"start":{"line":111,"column":6},"end":{"line":111,"column":44}},"57":{"start":{"line":112,"column":6},"end":{"line":112,"column":46}},"58":{"start":{"line":115,"column":2},"end":{"line":115,"column":16}},"59":{"start":{"line":118,"column":0},"end":{"line":118,"column":22}}},"fnMap":{"0":{"name":"(anonymous_0)","decl":{"start":{"line":2,"column":17},"end":{"line":2,"column":18}},"loc":{"start":{"line":2,"column":22},"end":{"line":20,"column":1}},"line":2},"1":{"name":"(anonymous_1)","decl":{"start":{"line":30,"column":15},"end":{"line":30,"column":16}},"loc":{"start":{"line":30,"column":27},"end":{"line":35,"column":1}},"line":30},"2":{"name":"(anonymous_2)","decl":{"start":{"line":46,"column":16},"end":{"line":46,"column":17}},"loc":{"start":{"line":46,"column":28},"end":{"line":68,"column":1}},"line":46},"3":{"name":"(anonymous_3)","decl":{"start":{"line":82,"column":16},"end":{"line":82,"column":17}},"loc":{"start":{"line":82,"column":28},"end":{"line":94,"column":1}},"line":82},"4":{"name":"(anonymous_4)","decl":{"start":{"line":105,"column":14},"end":{"line":105,"column":15}},"loc":{"start":{"line":105,"column":31},"end":{"line":116,"column":1}},"line":105}},"branchMap":{"0":{"loc":{"start":{"line":3,"column":2},"end":{"line":5,"column":3}},"type":"if","locations":[{"start":{"line":3,"column":2},"end":{"line":5,"column":3}},{"start":{"line":3,"column":2},"end":{"line":5,"column":3}}],"line":3},"1":{"loc":{"start":{"line":7,"column":2},"end":{"line":9,"column":3}},"type":"if","locations":[{"start":{"line":7,"column":2},"end":{"line":9,"column":3}},{"start":{"line":7,"column":2},"end":{"line":9,"column":3}}],"line":7},"2":{"loc":{"start":{"line":7,"column":6},"end":{"line":7,"column":53}},"type":"binary-expr","locations":[{"start":{"line":7,"column":6},"end":{"line":7,"column":30}},{"start":{"line":7,"column":34},"end":{"line":7,"column":53}}],"line":7},"3":{"loc":{"start":{"line":11,"column":2},"end":{"line":13,"column":3}},"type":"if","locations":[{"start":{"line":11,"column":2},"end":{"line":13,"column":3}},{"start":{"line":11,"column":2},"end":{"line":13,"column":3}}],"line":11},"4":{"loc":{"start":{"line":15,"column":2},"end":{"line":17,"column":3}},"type":"if","locations":[{"start":{"line":15,"column":2},"end":{"line":17,"column":3}},{"start":{"line":15,"column":2},"end":{"line":17,"column":3}}],"line":15},"5":{"loc":{"start":{"line":31,"column":2},"end":{"line":31,"column":63}},"type":"if","locations":[{"start":{"line":31,"column":2},"end":{"line":31,"column":63}},{"start":{"line":31,"column":2},"end":{"line":31,"column":63}}],"line":31},"6":{"loc":{"start":{"line":31,"column":6},"end":{"line":31,"column":48}},"type":"binary-expr","locations":[{"start":{"line":31,"column":6},"end":{"line":31,"column":14}},{"start":{"line":31,"column":18},"end":{"line":31,"column":30}},{"start":{"line":31,"column":34},"end":{"line":31,"column":39}},{"start":{"line":31,"column":43},"end":{"line":31,"column":48}}],"line":31},"7":{"loc":{"start":{"line":33,"column":31},"end":{"line":33,"column":60}},"type":"if","locations":[{"start":{"line":33,"column":31},"end":{"line":33,"column":60}},{"start":{"line":33,"column":31},"end":{"line":33,"column":60}}],"line":33},"8":{"loc":{"start":{"line":47,"column":2},"end":{"line":49,"column":3}},"type":"if","locations":[{"start":{"line":47,"column":2},"end":{"line":49,"column":3}},{"start":{"line":47,"column":2},"end":{"line":49,"column":3}}],"line":47},"9":{"loc":{"start":{"line":56,"column":4},"end":{"line":62,"column":5}},"type":"if","locations":[{"start":{"line":56,"column":4},"end":{"line":62,"column":5}},{"start":{"line":56,"column":4},"end":{"line":62,"column":5}}],"line":56},"10":{"loc":{"start":{"line":84,"column":2},"end":{"line":84,"column":24}},"type":"if","locations":[{"start":{"line":84,"column":2},"end":{"line":84,"column":24}},{"start":{"line":84,"column":2},"end":{"line":84,"column":24}}],"line":84},"11":{"loc":{"start":{"line":87,"column":4},"end":{"line":90,"column":21}},"type":"if","locations":[{"start":{"line":87,"column":4},"end":{"line":90,"column":21}},{"start":{"line":87,"column":4},"end":{"line":90,"column":21}}],"line":87},"12":{"loc":{"start":{"line":87,"column":8},"end":{"line":87,"column":32}},"type":"binary-expr","locations":[{"start":{"line":87,"column":8},"end":{"line":87,"column":18}},{"start":{"line":87,"column":22},"end":{"line":87,"column":32}}],"line":87},"13":{"loc":{"start":{"line":88,"column":9},"end":{"line":90,"column":21}},"type":"if","locations":[{"start":{"line":88,"column":9},"end":{"line":90,"column":21}},{"start":{"line":88,"column":9},"end":{"line":90,"column":21}}],"line":88},"14":{"loc":{"start":{"line":89,"column":9},"end":{"line":90,"column":21}},"type":"if","locations":[{"start":{"line":89,"column":9},"end":{"line":90,"column":21}},{"start":{"line":89,"column":9},"end":{"line":90,"column":21}}],"line":89},"15":{"loc":{"start":{"line":109,"column":4},"end":{"line":113,"column":5}},"type":"if","locations":[{"start":{"line":109,"column":4},"end":{"line":113,"column":5}},{"start":{"line":109,"column":4},"end":{"line":113,"column":5}}],"line":109}},"s":{"0":1,"1":1,"2":24,"3":1,"4":23,"5":1,"6":22,"7":1,"8":21,"9":6,"10":15,"11":1,"12":4,"13":2,"14":2,"15":2,"16":2,"17":2,"18":1,"19":1,"20":1,"21":3,"22":1,"23":2,"24":2,"25":2,"26":2,"27":12,"28":7,"29":7,"30":7,"31":2,"32":7,"33":2,"34":1,"35":3,"36":3,"37":2,"38":1,"39":1,"40":15,"41":1,"42":14,"43":2,"44":12,"45":4,"46":8,"47":15,"48":1,"49":1,"50":2,"51":2,"52":2,"53":2,"54":14,"55":1,"56":13,"57":13,"58":2,"59":1},"f":{"0":24,"1":4,"2":3,"3":3,"4":2},"b":{"0":[1,23],"1":[1,22],"2":[23,22],"3":[1,21],"4":[6,15],"5":[2,2],"6":[4,3,3,3],"7":[1,1],"8":[1,2],"9":[7,5],"10":[2,1],"11":[1,14],"12":[15,5],"13":[2,12],"14":[4,8],"15":[1,13]},"_coverageSchema":"43e27e138ebf9cfc5966b082cf9a028302ed4184","hash":"96fac8fb37af03b05bbfdee59c2e85fee1743ff2"}
}
