TN:
SF:/Users/antoinechapusot/Dev/Ensiie-Testing/tp-jest/src/interval.js
FN:2,(anonymous_0)
FN:7,(anonymous_1)
FN:25,(anonymous_2)
FN:45,(anonymous_3)
FN:65,(anonymous_4)
FN:79,(anonymous_5)
FN:100,(anonymous_6)
FN:129,(anonymous_7)
FN:134,(anonymous_8)
FNF:9
FNH:9
FNDA:48,(anonymous_0)
FNDA:32,(anonymous_1)
FNDA:27,(anonymous_2)
FNDA:17,(anonymous_3)
FNDA:9,(anonymous_4)
FNDA:2,(anonymous_5)
FNDA:9,(anonymous_6)
FNDA:9,(anonymous_7)
FNDA:42,(anonymous_8)
DA:3,48
DA:4,48
DA:8,32
DA:26,27
DA:46,17
DA:66,9
DA:68,9
DA:73,7
DA:74,7
DA:75,7
DA:77,2
DA:78,2
DA:79,2
DA:81,9
DA:101,9
DA:102,5
DA:103,3
DA:105,2
DA:106,2
DA:107,2
DA:110,4
DA:130,9
DA:131,9
DA:133,8
DA:134,8
DA:135,42
DA:137,8
DA:138,8
DA:140,8
DA:144,1
LF:30
LH:30
BRDA:26,0,0,27
BRDA:26,0,1,21
BRDA:46,1,0,17
BRDA:46,1,1,10
BRDA:68,2,0,7
BRDA:68,2,1,2
BRDA:69,3,0,9
BRDA:69,3,1,4
BRDA:69,3,2,3
BRDA:73,4,0,3
BRDA:73,4,1,4
BRDA:74,5,0,3
BRDA:74,5,1,4
BRDA:101,6,0,5
BRDA:101,6,1,4
BRDA:102,7,0,2
BRDA:102,7,1,3
BRDA:103,8,0,1
BRDA:103,8,1,2
BRDA:105,9,0,1
BRDA:105,9,1,1
BRDA:106,10,0,1
BRDA:106,10,1,1
BRDA:131,11,0,1
BRDA:131,11,1,8
BRF:25
BRH:25
end_of_record
TN:
SF:/Users/antoinechapusot/Dev/Ensiie-Testing/tp-jest/src/math.js
FN:2,(anonymous_0)
FN:30,(anonymous_1)
FN:46,(anonymous_2)
FN:82,(anonymous_3)
FN:105,(anonymous_4)
FNF:5
FNH:5
FNDA:24,(anonymous_0)
FNDA:4,(anonymous_1)
FNDA:3,(anonymous_2)
FNDA:3,(anonymous_3)
FNDA:2,(anonymous_4)
DA:1,1
DA:2,1
DA:3,24
DA:4,1
DA:7,23
DA:8,1
DA:11,22
DA:12,1
DA:15,21
DA:16,6
DA:19,15
DA:30,1
DA:31,4
DA:32,2
DA:33,2
DA:34,1
DA:46,1
DA:47,3
DA:48,1
DA:50,2
DA:53,2
DA:54,2
DA:55,2
DA:56,12
DA:58,7
DA:59,7
DA:60,7
DA:64,2
DA:65,7
DA:67,2
DA:82,1
DA:83,3
DA:84,3
DA:85,1
DA:86,1
DA:87,15
DA:88,14
DA:89,12
DA:90,8
DA:91,15
DA:93,1
DA:105,1
DA:106,2
DA:107,2
DA:108,2
DA:109,14
DA:111,13
DA:112,13
DA:115,2
DA:118,1
LF:50
LH:50
BRDA:3,0,0,1
BRDA:3,0,1,23
BRDA:7,1,0,1
BRDA:7,1,1,22
BRDA:7,2,0,23
BRDA:7,2,1,22
BRDA:11,3,0,1
BRDA:11,3,1,21
BRDA:15,4,0,6
BRDA:15,4,1,15
BRDA:31,5,0,2
BRDA:31,5,1,2
BRDA:31,6,0,4
BRDA:31,6,1,3
BRDA:31,6,2,3
BRDA:31,6,3,3
BRDA:33,7,0,1
BRDA:33,7,1,1
BRDA:47,8,0,1
BRDA:47,8,1,2
BRDA:56,9,0,7
BRDA:56,9,1,5
BRDA:84,10,0,2
BRDA:84,10,1,1
BRDA:87,11,0,1
BRDA:87,11,1,14
BRDA:87,12,0,15
BRDA:87,12,1,5
BRDA:88,13,0,2
BRDA:88,13,1,12
BRDA:89,14,0,4
BRDA:89,14,1,8
BRDA:109,15,0,1
BRDA:109,15,1,13
BRF:34
BRH:34
end_of_record
